<?xml version="1.0" encoding="UTF-8"?>
<!-- Generated by org.testng.reporters.JUnitReportReporter -->
<testsuite skipped="0" hostname="home" name="com.runner.AmazonLogInRunner" tests="1" failures="0" timestamp="19 Jan 2019 02:51:44 GMT" time="23.823" errors="0">
  <testcase name="feature" time="23.823" classname="com.runner.AmazonLogInRunner"/>
</testsuite> <!-- com.runner.AmazonLogInRunner -->
